<?xml version="1.0" encoding="UTF-8"?>
<!-- Generated by org.testng.reporters.JUnitReportReporter -->
<testsuite hostname="LAPTOP-61F7FSPK" name="ddt.ExcelSheet4" tests="1" failures="0" timestamp="23 Jun 2022 02:56:26 GMT" time="0.324" errors="0">
  <testcase name="updateExcel" time="0.324" classname="ddt.ExcelSheet4"/>
</testsuite> <!-- ddt.ExcelSheet4 -->
