<?xml version="1.0" encoding="UTF-8"?>
<!-- Generated by org.testng.reporters.JUnitReportReporter -->
<testsuite hostname="LAPTOP-61F7FSPK" name="day11.testngsamples.Example9" tests="1" failures="0" timestamp="3 Jul 2022 13:46:47 GMT" time="0.013" errors="0">
  <testcase name="testCase2" time="0.013" classname="day11.testngsamples.Example9"/>
</testsuite> <!-- day11.testngsamples.Example9 -->
