<?xml version="1.0" encoding="UTF-8"?>
<!-- Generated by org.testng.reporters.JUnitReportReporter -->
<testsuite hostname="LAPTOP-61F7FSPK" name="utilities.DateUtility" tests="1" failures="0" timestamp="1 Jul 2022 17:53:56 GMT" time="0.013" errors="0">
  <testcase name="testCase" time="0.013" classname="utilities.DateUtility"/>
</testsuite> <!-- utilities.DateUtility -->
