<?xml version="1.0" encoding="UTF-8"?>
<!-- Generated by org.testng.reporters.JUnitReportReporter -->
<testsuite hostname="LAPTOP-61F7FSPK" name="extentreport.extentdemo" tests="1" failures="0" timestamp="23 Jun 2022 09:51:22 GMT" time="8.614" errors="0">
  <testcase name="extentReportsDemo" time="8.614" classname="extentreport.extentdemo"/>
</testsuite> <!-- extentreport.extentdemo -->
