<?xml version="1.0" encoding="UTF-8"?>
<!-- Generated by org.testng.reporters.JUnitReportReporter -->
<testsuite hostname="LAPTOP-61F7FSPK" name="day22.testngadvxml.DataProviderExample" tests="6" failures="0" timestamp="23 Jun 2022 08:46:21 GMT" time="23.512" errors="0">
  <testcase name="setData" time="0.000" classname="day22.testngadvxml.DataProviderExample"/>
  <testcase name="testLoginOfVtiger" time="5.970" classname="day22.testngadvxml.DataProviderExample"/>
  <testcase name="setData" time="0.000" classname="day22.testngadvxml.DataProviderExample"/>
  <testcase name="testLoginOfVtiger" time="6.507" classname="day22.testngadvxml.DataProviderExample"/>
  <testcase name="setData" time="0.000" classname="day22.testngadvxml.DataProviderExample"/>
  <testcase name="testLoginOfVtiger" time="11.035" classname="day22.testngadvxml.DataProviderExample"/>
</testsuite> <!-- day22.testngadvxml.DataProviderExample -->
