<?xml version="1.0" encoding="UTF-8"?>
<!-- Generated by org.testng.reporters.JUnitReportReporter -->
<testsuite hostname="LAPTOP-61F7FSPK" name="day11.testngsamples.Example_Parameter3" tests="2" failures="0" timestamp="23 Jun 2022 07:55:06 GMT" time="0.016" errors="0">
  <testcase name="param3" time="0.000" classname="day11.testngsamples.Example_Parameter3"/>
  <testcase name="param1" time="0.016" classname="day11.testngsamples.Example_Parameter3"/>
</testsuite> <!-- day11.testngsamples.Example_Parameter3 -->
