<?xml version="1.0" encoding="UTF-8"?>
<!-- Generated by org.testng.reporters.JUnitReportReporter -->
<testsuite hostname="LAPTOP-61F7FSPK" name="day11.testngsamples.Example8" tests="1" failures="0" timestamp="23 Jun 2022 07:55:06 GMT" time="20.703" errors="0">
  <testcase name="loginLogoutInActitimeApplication" time="20.703" classname="day11.testngsamples.Example8"/>
</testsuite> <!-- day11.testngsamples.Example8 -->
