<?xml version="1.0" encoding="UTF-8"?>
<!-- Generated by org.testng.reporters.JUnitReportReporter -->
<testsuite hostname="LAPTOP-61F7FSPK" name="day24.webpagescripts.TestVtigerLogin" tests="1" failures="0" timestamp="1 Jul 2022 17:40:10 GMT" time="3.368" errors="0">
  <testcase name="testLogin" time="3.368" classname="day24.webpagescripts.TestVtigerLogin"/>
</testsuite> <!-- day24.webpagescripts.TestVtigerLogin -->
