<?xml version="1.0" encoding="UTF-8"?>
<!-- Generated by org.testng.reporters.JUnitReportReporter -->
<testsuite hostname="LAPTOP-61F7FSPK" name="ddt.ExcelSheet3" tests="1" failures="0" timestamp="23 Jun 2022 02:57:00 GMT" time="0.290" errors="0">
  <testcase name="getCellCount" time="0.290" classname="ddt.ExcelSheet3"/>
</testsuite> <!-- ddt.ExcelSheet3 -->
