<?xml version="1.0" encoding="UTF-8"?>
<!-- Generated by org.testng.reporters.JUnitReportReporter -->
<testsuite hostname="LAPTOP-61F7FSPK" name="ddt.ExcelSheet" tests="1" failures="0" timestamp="23 Jun 2022 02:22:19 GMT" time="0.490" errors="0">
  <testcase name="getSheetCount" time="0.490" classname="ddt.ExcelSheet"/>
</testsuite> <!-- ddt.ExcelSheet -->
