<?xml version="1.0" encoding="UTF-8"?>
<!-- Generated by org.testng.reporters.JUnitReportReporter -->
<testsuite hostname="LAPTOP-61F7FSPK" name="day11.testngsamples.Example_Parameter2" tests="3" failures="0" timestamp="23 Jun 2022 07:55:06 GMT" time="0.000" errors="0">
  <testcase name="logout" time="0.000" classname="day11.testngsamples.Example_Parameter2"/>
  <testcase name="sendEmail" time="0.000" classname="day11.testngsamples.Example_Parameter2"/>
  <testcase name="login" time="0.000" classname="day11.testngsamples.Example_Parameter2"/>
</testsuite> <!-- day11.testngsamples.Example_Parameter2 -->
