<?xml version="1.0" encoding="UTF-8"?>
<!-- Generated by org.testng.reporters.JUnitReportReporter -->
<testsuite hostname="LAPTOP-61F7FSPK" name="day22.testngadvxml.GroupExamples" tests="5" failures="0" timestamp="23 Jun 2022 08:46:21 GMT" time="0.002" errors="0">
  <testcase name="testCaseOne" time="0.001" classname="day22.testngadvxml.GroupExamples"/>
  <testcase name="testCaseFive" time="0.000" classname="day22.testngadvxml.GroupExamples"/>
  <testcase name="testCaseThree" time="0.000" classname="day22.testngadvxml.GroupExamples"/>
  <testcase name="testCaseTwo" time="0.000" classname="day22.testngadvxml.GroupExamples"/>
  <testcase name="testCaseFour" time="0.001" classname="day22.testngadvxml.GroupExamples"/>
</testsuite> <!-- day22.testngadvxml.GroupExamples -->
