<?xml version="1.0" encoding="UTF-8"?>
<!-- Generated by org.testng.reporters.JUnitReportReporter -->
<testsuite hostname="LAPTOP-61F7FSPK" name="day11.testngsamples.Example5" tests="2" failures="0" timestamp="23 Jun 2022 07:55:06 GMT" time="0.000" errors="0">
  <testcase name="testCase5" time="0.000" classname="day11.testngsamples.Example5"/>
  <testcase name="testCase6" time="0.000" classname="day11.testngsamples.Example5"/>
</testsuite> <!-- day11.testngsamples.Example5 -->
