<?xml version="1.0" encoding="UTF-8"?>
<!-- Generated by org.testng.reporters.JUnitReportReporter -->
<testsuite hostname="LAPTOP-61F7FSPK" name="sampletest.Screenshot3" tests="1" failures="0" timestamp="1 Jul 2022 07:16:36 GMT" time="7.388" errors="0">
  <testcase name="testScreenShot" time="7.388" classname="sampletest.Screenshot3"/>
</testsuite> <!-- sampletest.Screenshot3 -->
