<?xml version="1.0" encoding="UTF-8"?>
<!-- Generated by org.testng.reporters.JUnitReportReporter -->
<testsuite hostname="LAPTOP-61F7FSPK" name="day11.testngsamples.Example3" tests="1" failures="0" timestamp="23 Jun 2022 07:55:06 GMT" time="2.010" errors="0">
  <testcase name="testCase3" time="2.010" classname="day11.testngsamples.Example3"/>
</testsuite> <!-- day11.testngsamples.Example3 -->
