<?xml version="1.0" encoding="UTF-8"?>
<!-- Generated by org.testng.reporters.JUnitReportReporter -->
<testsuite hostname="LAPTOP-61F7FSPK" name="day24.webpagescripts.LoginLogout" tests="2" failures="0" timestamp="1 Jul 2022 17:28:59 GMT" time="4.023" errors="0">
  <testcase name="testLogoutFunctionality" time="1.222" classname="day24.webpagescripts.LoginLogout"/>
  <testcase name="testLoginFunctionality" time="2.801" classname="day24.webpagescripts.LoginLogout"/>
</testsuite> <!-- day24.webpagescripts.LoginLogout -->
