<?xml version="1.0" encoding="UTF-8"?>
<!-- Generated by org.testng.reporters.JUnitReportReporter -->
<testsuite hostname="LAPTOP-61F7FSPK" name="sampletest.Screenshot" tests="1" failures="0" timestamp="8 Jun 2022 18:40:02 GMT" time="8.231" errors="0">
  <testcase name="testScreenShot2" time="8.231" classname="sampletest.Screenshot"/>
</testsuite> <!-- sampletest.Screenshot -->
