<?xml version="1.0" encoding="UTF-8"?>
<!-- Generated by org.testng.reporters.JUnitReportReporter -->
<testsuite hostname="LAPTOP-61F7FSPK" name="day11.testngsamples.Example_Parameter6" tests="3" failures="0" timestamp="23 Jun 2022 07:55:06 GMT" time="2.018" errors="1">
  <testcase name="checkNotification" time="2.018" classname="day11.testngsamples.Example_Parameter6">
    <error type="org.testng.internal.thread.ThreadTimeoutException" message="Method org.testng.internal.TestNGMethod.checkNotification() didn&#039;t finish within the time-out 2000">
      <![CDATA[org.testng.internal.thread.ThreadTimeoutException: Method org.testng.internal.TestNGMethod.checkNotification() didn't finish within the time-out 2000
]]>
    </error>
  </testcase> <!-- checkNotification -->
  <testcase name="login" time="0.000" classname="day11.testngsamples.Example_Parameter6"/>
  <testcase name="signIn" time="0.000" classname="day11.testngsamples.Example_Parameter6"/>
</testsuite> <!-- day11.testngsamples.Example_Parameter6 -->
