<?xml version="1.0" encoding="UTF-8"?>
<!-- Generated by org.testng.reporters.JUnitReportReporter -->
<testsuite hostname="LAPTOP-61F7FSPK" name="day22.testngadvxml.ParallelExecutionOfMethods" tests="2" failures="0" timestamp="23 Jun 2022 08:46:21 GMT" time="15.372" errors="0">
  <testcase name="testCaseTwo" time="10.169" classname="day22.testngadvxml.ParallelExecutionOfMethods"/>
  <testcase name="testCaseOne" time="5.203" classname="day22.testngadvxml.ParallelExecutionOfMethods"/>
</testsuite> <!-- day22.testngadvxml.ParallelExecutionOfMethods -->
