<?xml version="1.0" encoding="UTF-8"?>
<!-- Generated by org.testng.reporters.JUnitReportReporter -->
<testsuite hostname="LAPTOP-61F7FSPK" name="sampletest.Screenshot2" tests="1" failures="0" timestamp="8 Jun 2022 18:41:11 GMT" time="7.566" errors="0">
  <testcase name="testScreenShot" time="7.566" classname="sampletest.Screenshot2"/>
</testsuite> <!-- sampletest.Screenshot2 -->
