<?xml version="1.0" encoding="UTF-8"?>
<!-- Generated by org.testng.reporters.JUnitReportReporter -->
<testsuite hostname="LAPTOP-61F7FSPK" name="day23.testcases.ActimeLoginLogout" tests="2" failures="0" timestamp="1 Jul 2022 17:23:37 GMT" time="4.988" errors="0">
  <testcase name="testLogoutFunctionality" time="1.246" classname="day23.testcases.ActimeLoginLogout"/>
  <testcase name="testLoginFunctionality" time="3.742" classname="day23.testcases.ActimeLoginLogout"/>
</testsuite> <!-- day23.testcases.ActimeLoginLogout -->
