<?xml version="1.0" encoding="UTF-8"?>
<!-- Generated by org.testng.reporters.JUnitReportReporter -->
<testsuite hostname="LAPTOP-61F7FSPK" name="day24.webpagescripts.GoogleSearchScript" tests="1" failures="0" timestamp="1 Jul 2022 17:34:04 GMT" time="4.178" errors="0">
  <testcase name="testCase" time="4.178" classname="day24.webpagescripts.GoogleSearchScript"/>
</testsuite> <!-- day24.webpagescripts.GoogleSearchScript -->
