<?xml version="1.0" encoding="UTF-8"?>
<!-- Generated by org.testng.reporters.JUnitReportReporter -->
<testsuite hostname="LAPTOP-61F7FSPK" name="ddt.ExcelSheet2" tests="1" failures="0" timestamp="9 Jun 2022 05:09:12 GMT" time="0.394" errors="0">
  <testcase name="getRowCount" time="0.394" classname="ddt.ExcelSheet2"/>
</testsuite> <!-- ddt.ExcelSheet2 -->
