<?xml version="1.0" encoding="UTF-8"?>
<!-- Generated by org.testng.reporters.JUnitReportReporter -->
<testsuite hostname="LAPTOP-61F7FSPK" name="day24.webpagescripts.OrangeHRMLoginScript" tests="1" failures="0" timestamp="1 Jul 2022 17:49:05 GMT" time="10.249" errors="0">
  <testcase name="loginIntoOrangeHRMApp" time="10.249" classname="day24.webpagescripts.OrangeHRMLoginScript"/>
</testsuite> <!-- day24.webpagescripts.OrangeHRMLoginScript -->
