<?xml version="1.0" encoding="UTF-8"?>
<!-- Generated by org.testng.reporters.JUnitReportReporter -->
<testsuite hostname="LAPTOP-61F7FSPK" name="day11.testngsamples.Example7" tests="2" failures="0" timestamp="23 Jun 2022 07:55:06 GMT" time="33.643" errors="0">
  <testcase name="loginLogoutInActitimeApplication" time="23.423" classname="day11.testngsamples.Example7"/>
  <testcase name="loginPageValidationInActitimeApplication" time="10.220" classname="day11.testngsamples.Example7"/>
</testsuite> <!-- day11.testngsamples.Example7 -->
