<?xml version="1.0" encoding="UTF-8"?>
<!-- Generated by org.testng.reporters.JUnitReportReporter -->
<testsuite skipped="0" hostname="LAPTOP-AHDMVN0S" name="DAY1.NewTest2" tests="2" failures="0" timestamp="2022-04-29T17:52:14 EDT" time="0.013" errors="0">
  <testcase name="TestCase4" time="0.011" classname="DAY1.NewTest2"/>
  <system-out/>
  <testcase name="TestCase5" time="0.002" classname="DAY1.NewTest2"/>
  <system-out/>
</testsuite> <!-- DAY1.NewTest2 -->
