<?xml version="1.0" encoding="UTF-8"?>
<!-- Generated by org.testng.reporters.JUnitReportReporter -->
<testsuite skipped="0" hostname="LAPTOP-AHDMVN0S" name="DAY1.NewTest1" tests="1" failures="0" timestamp="2022-04-29T17:44:38 EDT" time="3.024" errors="0">
  <testcase name="TestCase3" time="3.024" classname="DAY1.NewTest1"/>
  <system-out/>
</testsuite> <!-- DAY1.NewTest1 -->
