<?xml version="1.0" encoding="UTF-8"?>
<!-- Generated by org.testng.reporters.JUnitReportReporter -->
<testsuite skipped="0" hostname="LAPTOP-AHDMVN0S" name="DAY1.NewTest3" tests="2" failures="0" timestamp="2022-04-29T17:58:58 EDT" time="0.009" errors="0">
  <testcase name="TestCase6" time="0.008" classname="DAY1.NewTest3"/>
  <system-out/>
  <testcase name="TestCase7" time="0.001" classname="DAY1.NewTest3"/>
  <system-out/>
</testsuite> <!-- DAY1.NewTest3 -->
