<?xml version="1.0" encoding="UTF-8"?>
<!-- Generated by org.testng.reporters.JUnitReportReporter -->
<testsuite skipped="0" hostname="LAPTOP-AHDMVN0S" name="DAY1.NewTest" tests="1" failures="0" timestamp="2022-04-29T17:38:40 EDT" time="0.009" errors="0">
  <testcase name="testCase2" time="0.009" classname="DAY1.NewTest"/>
  <system-out/>
</testsuite> <!-- DAY1.NewTest -->
