<?xml version="1.0" encoding="UTF-8"?>
<!-- Generated by org.testng.reporters.JUnitReportReporter -->
<testsuite skipped="0" hostname="LAPTOP-61F7FSPK" name="day11.TestNGsamples.Example_Parameter5" tests="3" failures="0" timestamp="2022-06-01T00:47:28 IST" time="0.012" errors="0">
  <testcase name="checkNotification" time="0.001" classname="day11.TestNGsamples.Example_Parameter5"/>
  <system-out/>
  <testcase name="login" time="0.001" classname="day11.TestNGsamples.Example_Parameter5"/>
  <system-out/>
  <testcase name="signIn" time="0.010" classname="day11.TestNGsamples.Example_Parameter5"/>
  <system-out/>
</testsuite> <!-- day11.TestNGsamples.Example_Parameter5 -->
