<?xml version="1.0" encoding="UTF-8"?>
<!-- Generated by org.testng.reporters.JUnitReportReporter -->
<testsuite skipped="0" hostname="LAPTOP-61F7FSPK" name="day11.TestNGsamples.Example4" tests="1" failures="0" timestamp="2022-05-31T22:26:33 IST" time="0.010" errors="0">
  <testcase name="testCase4" time="0.010" classname="day11.TestNGsamples.Example4"/>
  <system-out/>
</testsuite> <!-- day11.TestNGsamples.Example4 -->
