<?xml version="1.0" encoding="UTF-8"?>
<!-- Generated by org.testng.reporters.JUnitReportReporter -->
<testsuite skipped="0" hostname="LAPTOP-61F7FSPK" name="assignments.NewTest" tests="1" failures="0" timestamp="2022-05-25T17:01:10 IST" time="0.005" errors="0">
  <testcase name="f" time="0.005" classname="assignments.NewTest"/>
  <system-out/>
</testsuite> <!-- assignments.NewTest -->
