<?xml version="1.0" encoding="UTF-8"?>
<!-- Generated by org.testng.reporters.JUnitReportReporter -->
<testsuite skipped="0" hostname="LAPTOP-61F7FSPK" name="day11.TestNGsamples.Example5" tests="2" failures="0" timestamp="2022-05-31T22:27:21 IST" time="0.024" errors="0">
  <testcase name="testCase6" time="0.003" classname="day11.TestNGsamples.Example5"/>
  <system-out/>
  <testcase name="testCase5" time="0.021" classname="day11.TestNGsamples.Example5"/>
  <system-out/>
</testsuite> <!-- day11.TestNGsamples.Example5 -->
