<?xml version="1.0" encoding="UTF-8"?>
<!-- Generated by org.testng.reporters.JUnitReportReporter -->
<testsuite skipped="1" hostname="LAPTOP-61F7FSPK" name="day11.TestNGsamples.Example_Parameter3" tests="3" failures="0" timestamp="2022-06-01T00:44:50 IST" time="0.010" errors="0">
  <testcase name="param3" time="0.002" classname="day11.TestNGsamples.Example_Parameter3"/>
  <system-out/>
  <testcase name="param1" time="0.008" classname="day11.TestNGsamples.Example_Parameter3"/>
  <system-out/>
  <testcase name="param2" classname="day11.TestNGsamples.Example_Parameter3">
    <skipped/>
  </testcase> <!-- param2 -->
  <system-out/>
</testsuite> <!-- day11.TestNGsamples.Example_Parameter3 -->
