<?xml version="1.0" encoding="UTF-8"?>
<!-- Generated by org.testng.reporters.JUnitReportReporter -->
<testsuite skipped="0" hostname="LAPTOP-61F7FSPK" name="day11.TestNGsamples.Example_Annotations3" tests="2" failures="0" timestamp="2022-06-01T00:58:38 IST" time="0.007" errors="0">
  <testcase name="verifyLogin" time="0.005" classname="day11.TestNGsamples.Example_Annotations3"/>
  <system-out/>
  <testcase name="createTask" time="0.002" classname="day11.TestNGsamples.Example_Annotations3"/>
  <system-out/>
</testsuite> <!-- day11.TestNGsamples.Example_Annotations3 -->
