<?xml version="1.0" encoding="UTF-8"?>
<!-- Generated by org.testng.reporters.JUnitReportReporter -->
<testsuite skipped="0" hostname="LAPTOP-61F7FSPK" name="day11.TestNGsamples.Example_Parameter1" tests="10" failures="0" timestamp="2022-06-01T00:43:24 IST" time="0.017" errors="0">
  <testcase name="param1" time="0.001" classname="day11.TestNGsamples.Example_Parameter1"/>
  <system-out/>
  <testcase name="param1" time="0.001" classname="day11.TestNGsamples.Example_Parameter1"/>
  <system-out/>
  <testcase name="param1" time="0.001" classname="day11.TestNGsamples.Example_Parameter1"/>
  <system-out/>
  <testcase name="param1" time="0.001" classname="day11.TestNGsamples.Example_Parameter1"/>
  <system-out/>
  <testcase name="param1" time="0.001" classname="day11.TestNGsamples.Example_Parameter1"/>
  <system-out/>
  <testcase name="param1" time="0.001" classname="day11.TestNGsamples.Example_Parameter1"/>
  <system-out/>
  <testcase name="param1" time="0.001" classname="day11.TestNGsamples.Example_Parameter1"/>
  <system-out/>
  <testcase name="param1" time="0.008" classname="day11.TestNGsamples.Example_Parameter1"/>
  <system-out/>
  <testcase name="param1" time="0.001" classname="day11.TestNGsamples.Example_Parameter1"/>
  <system-out/>
  <testcase name="param1" time="0.001" classname="day11.TestNGsamples.Example_Parameter1"/>
  <system-out/>
</testsuite> <!-- day11.TestNGsamples.Example_Parameter1 -->
