<?xml version="1.0" encoding="UTF-8"?>
<!-- Generated by org.testng.reporters.JUnitReportReporter -->
<testsuite skipped="0" hostname="LAPTOP-61F7FSPK" name="day11.TestNGsamples.Example2" tests="2" failures="0" timestamp="2022-06-08T16:24:16 IST" time="0.010" errors="0">
  <testcase name="testcase3" time="0.002" classname="day11.TestNGsamples.Example2"/>
  <system-out/>
  <testcase name="testCase2" time="0.008" classname="day11.TestNGsamples.Example2"/>
  <system-out/>
</testsuite> <!-- day11.TestNGsamples.Example2 -->
