<?xml version="1.0" encoding="UTF-8"?>
<!-- Generated by org.testng.reporters.JUnitReportReporter -->
<testsuite skipped="0" hostname="LAPTOP-61F7FSPK" name="day11.TestNGsamples.Example_Parameter2" tests="3" failures="0" timestamp="2022-06-01T00:43:59 IST" time="0.012" errors="0">
  <testcase name="login" time="0.010" classname="day11.TestNGsamples.Example_Parameter2"/>
  <system-out/>
  <testcase name="sendEmail" time="0.001" classname="day11.TestNGsamples.Example_Parameter2"/>
  <system-out/>
  <testcase name="logout" time="0.001" classname="day11.TestNGsamples.Example_Parameter2"/>
  <system-out/>
</testsuite> <!-- day11.TestNGsamples.Example_Parameter2 -->
