<?xml version="1.0" encoding="UTF-8"?>
<!-- Generated by org.testng.reporters.JUnitReportReporter -->
<testsuite skipped="0" hostname="LAPTOP-61F7FSPK" name="day11.TestNGsamples.Example_Parameter6" tests="3" failures="0" timestamp="2022-06-01T00:53:31 IST" time="2.016" errors="0">
  <testcase name="login" time="0.001" classname="day11.TestNGsamples.Example_Parameter6"/>
  <system-out/>
  <testcase name="checkNotification" time="2.007" classname="day11.TestNGsamples.Example_Parameter6"/>
  <system-out/>
  <testcase name="signIn" time="0.008" classname="day11.TestNGsamples.Example_Parameter6"/>
  <system-out/>
</testsuite> <!-- day11.TestNGsamples.Example_Parameter6 -->
