<?xml version="1.0" encoding="UTF-8"?>
<!-- Generated by org.testng.reporters.JUnitReportReporter -->
<testsuite skipped="0" hostname="LAPTOP-61F7FSPK" name="day11.TestNGsamples.Example6" tests="2" failures="0" timestamp="2022-06-01T00:10:45 IST" time="0.010" errors="0">
  <testcase name="testCase8" time="0.002" classname="day11.TestNGsamples.Example6"/>
  <system-out/>
  <testcase name="testCase7" time="0.008" classname="day11.TestNGsamples.Example6"/>
  <system-out/>
</testsuite> <!-- day11.TestNGsamples.Example6 -->
