<?xml version="1.0" encoding="UTF-8"?>
<!-- Generated by org.testng.reporters.JUnitReportReporter -->
<testsuite skipped="0" hostname="LAPTOP-61F7FSPK" name="day11.TestNGsamples.Example_Parameter7" tests="1" failures="0" timestamp="2022-06-01T00:54:12 IST" time="0.008" errors="0">
  <testcase name="login" time="0.008" classname="day11.TestNGsamples.Example_Parameter7"/>
  <system-out/>
</testsuite> <!-- day11.TestNGsamples.Example_Parameter7 -->
