<?xml version="1.0" encoding="UTF-8"?>
<!-- Generated by org.testng.reporters.JUnitReportReporter -->
<testsuite skipped="0" hostname="LAPTOP-61F7FSPK" name="day11.TestNGsamples.Example3" tests="1" failures="0" timestamp="2022-06-16T20:43:52 IST" time="2.009" errors="0">
  <testcase name="testCase3" time="2.009" classname="day11.TestNGsamples.Example3"/>
  <system-out/>
</testsuite> <!-- day11.TestNGsamples.Example3 -->
