<?xml version="1.0" encoding="UTF-8"?>
<!-- Generated by org.testng.reporters.JUnitReportReporter -->
<testsuite skipped="0" hostname="LAPTOP-61F7FSPK" name="day11.day11.TestNGsamples.NewTest" tests="1" failures="0" timestamp="2022-06-01T00:13:59 IST" time="0.007" errors="0">
  <testcase name="f" time="0.007" classname="day11.day11.TestNGsamples.NewTest"/>
  <system-out/>
</testsuite> <!-- day11.day11.TestNGsamples.NewTest -->
