<?xml version="1.0" encoding="UTF-8"?>
<!-- Generated by org.testng.reporters.JUnitReportReporter -->
<testsuite hostname="LAPTOP-61F7FSPK" name="testscripts.TestLoginPage" tests="1" failures="0" timestamp="12 Jul 2022 08:29:57 GMT" time="10.081" errors="0">
  <testcase name="testVtigerLogin" time="10.081" classname="testscripts.TestLoginPage"/>
</testsuite> <!-- testscripts.TestLoginPage -->
