<?xml version="1.0" encoding="UTF-8"?>
<!-- Generated by org.testng.reporters.JUnitReportReporter -->
<testsuite skipped="0" hostname="LAPTOP-AHDMVN0S" name="Sampletest.Screenshot" tests="2" failures="0" timestamp="14 May 2022 20:36:18 GMT" time="33.637" errors="0">
  <testcase name="testScreenShot2" time="9.960" classname="Sampletest.Screenshot"/>
  <testcase name="testScreenShot" time="23.677" classname="Sampletest.Screenshot"/>
</testsuite> <!-- Sampletest.Screenshot -->
